  main.cpp
d:\projects\c++\visual studio projects\asu fe 1stelec project\asu fe 1stelec project\main.cpp(18): warning C4018: '<': signed/unsigned mismatch
d:\projects\c++\visual studio projects\asu fe 1stelec project\asu fe 1stelec project\main.cpp(66): warning C4018: '<': signed/unsigned mismatch
d:\projects\c++\visual studio projects\asu fe 1stelec project\asu fe 1stelec project\main.cpp(71): warning C4018: '<': signed/unsigned mismatch
d:\projects\c++\visual studio projects\asu fe 1stelec project\asu fe 1stelec project\main.cpp(112): warning C4018: '<': signed/unsigned mismatch
d:\projects\c++\visual studio projects\asu fe 1stelec project\asu fe 1stelec project\main.cpp(115): warning C4018: '>': signed/unsigned mismatch
d:\projects\c++\visual studio projects\asu fe 1stelec project\asu fe 1stelec project\main.cpp(118): warning C4018: '<': signed/unsigned mismatch
d:\projects\c++\visual studio projects\asu fe 1stelec project\asu fe 1stelec project\main.cpp(133): warning C4244: '=': conversion from 'int' to 'float', possible loss of data
d:\projects\c++\visual studio projects\asu fe 1stelec project\asu fe 1stelec project\main.cpp(138): warning C4018: '>=': signed/unsigned mismatch
d:\projects\c++\visual studio projects\asu fe 1stelec project\asu fe 1stelec project\main.cpp(221): warning C4018: '<': signed/unsigned mismatch
d:\projects\c++\visual studio projects\asu fe 1stelec project\asu fe 1stelec project\main.cpp(406): warning C4018: '<': signed/unsigned mismatch
d:\projects\c++\visual studio projects\asu fe 1stelec project\asu fe 1stelec project\main.cpp(436): warning C4018: '<': signed/unsigned mismatch
d:\projects\c++\visual studio projects\asu fe 1stelec project\asu fe 1stelec project\main.cpp(449): warning C4018: '<': signed/unsigned mismatch
d:\projects\c++\visual studio projects\asu fe 1stelec project\asu fe 1stelec project\main.cpp(479): warning C4018: '<': signed/unsigned mismatch
d:\projects\c++\visual studio projects\asu fe 1stelec project\asu fe 1stelec project\main.cpp(493): warning C4018: '<': signed/unsigned mismatch
d:\projects\c++\visual studio projects\asu fe 1stelec project\asu fe 1stelec project\main.cpp(501): warning C4018: '<': signed/unsigned mismatch
d:\projects\c++\visual studio projects\asu fe 1stelec project\asu fe 1stelec project\main.cpp(532): warning C4018: '<': signed/unsigned mismatch
  Generating code
  All 175 functions were compiled because no usable IPDB/IOBJ from previous compilation was found.
  Finished generating code
  ASU FE 1stElec Project.vcxproj -> D:\Projects\C++\Visual Studio Projects\ASU FE 1stElec Project\Release\ASU FE 1stElec Project.exe
